Watching /Users/adrian/code/mowat27/learn/storybook/taskbox and all sub-directories not excluded by your .gitignore. Will not monitor dotfiles.
Found & ignored ./node_modules ; is listed in .gitignore
Found & ignored ./src/App.css ; has ignored extension
Found & ignored ./src/index.css ; has ignored extension
Found & ignored ./src/stories/button.css ; has ignored extension
Found & ignored ./src/stories/header.css ; has ignored extension
Found & ignored ./src/stories/page.css ; has ignored extension
Found & ignored ./storybook-static/static/css/main.b1d31c72.chunk.css ; has ignored extension

Starting: build-storybook -- --output-dir /var/folders/yf/b4p8kpv90m1c8b99k3dsp8h00000gp/T/chromatic--7061-X7ZoyFDEaalU
node:internal/modules/cjs/loader:927
  throw err;
  ^

Error: Cannot find module '/Users/adrian/code/mowat27/learn/storybook/taskbox/build-storybook'
    at Function.Module._resolveFilename (node:internal/modules/cjs/loader:924:15)
    at Function.Module._load (node:internal/modules/cjs/loader:769:27)
    at Function.executeUserEntryPoint [as runMain] (node:internal/modules/run_main:76:12)
    at node:internal/main/run_main_module:17:47 {
  code: 'MODULE_NOT_FOUND',
  requireStack: []
}
